<?xml version="1.0" encoding="UTF-8"?>
<robot generator="Robot 4.1.3 (Python 3.10.2 on win32)" generated="20220610 15:11:20.060" rpa="false" schemaversion="2">
<suite id="s1" name="Checkprof" source="C:\projecticm\test\checkprof.robot">
<test id="s1-t1" name="CHECK PROFESSORS">
<kw name="New Session" library="actions" type="SETUP">
<kw name="Open Browser" library="SeleniumLibrary">
<arg>${url}</arg>
<arg>${browser}</arg>
<doc>Opens a new browser instance to the optional ``url``.</doc>
<msg timestamp="20220610 15:11:20.433" level="INFO">Opening browser 'chrome' to base url 'https://www.icmc.usp.br/pessoas/docentes'.</msg>
<status status="PASS" starttime="20220610 15:11:20.432" endtime="20220610 15:11:39.431"/>
</kw>
<kw name="Maximize Browser Window" library="SeleniumLibrary">
<doc>Maximizes current browser window.</doc>
<status status="PASS" starttime="20220610 15:11:39.431" endtime="20220610 15:11:39.710"/>
</kw>
<status status="PASS" starttime="20220610 15:11:20.432" endtime="20220610 15:11:39.710"/>
</kw>
<kw name="Find Professors" library="actions">
<kw name="Click Element" library="SeleniumLibrary">
<arg>${Depts}</arg>
<doc>Click the element identified by ``locator``.</doc>
<msg timestamp="20220610 15:11:39.721" level="INFO">Clicking element 'xpath=//span[@class="Cestsgl"]'.</msg>
<status status="PASS" starttime="20220610 15:11:39.719" endtime="20220610 15:11:39.900"/>
</kw>
<kw name="Click Element" library="SeleniumLibrary">
<arg>${DeptSSC}</arg>
<doc>Click the element identified by ``locator``.</doc>
<msg timestamp="20220610 15:11:39.902" level="INFO">Clicking element 'xpath=//option[@value="SSC"]'.</msg>
<status status="PASS" starttime="20220610 15:11:39.901" endtime="20220610 15:11:39.984"/>
</kw>
<status status="PASS" starttime="20220610 15:11:39.716" endtime="20220610 15:11:39.984"/>
</kw>
<kw name="Check Count Professors" library="actions">
<kw name="Get Element Count" library="SeleniumLibrary">
<var>${CountProfs}</var>
<arg>${DivProfs}</arg>
<doc>Returns the number of elements matching ``locator``.</doc>
<msg timestamp="20220610 15:11:40.009" level="INFO">${CountProfs} = 24</msg>
<status status="PASS" starttime="20220610 15:11:39.986" endtime="20220610 15:11:40.009"/>
</kw>
<kw name="Should Be Equal As Integers" library="BuiltIn">
<arg>${CountProfs}</arg>
<arg>${Number}</arg>
<doc>Fails if objects are unequal after converting them to integers.</doc>
<msg timestamp="20220610 15:11:40.010" level="INFO">Argument types are:
&lt;class 'int'&gt;
&lt;type 'unicode'&gt;</msg>
<status status="PASS" starttime="20220610 15:11:40.010" endtime="20220610 15:11:40.011"/>
</kw>
<kw name="Log" library="BuiltIn">
<arg>Number of Professors is Check</arg>
<doc>Logs the given message with the given level.</doc>
<msg timestamp="20220610 15:11:40.011" level="INFO">Number of Professors is Check</msg>
<status status="PASS" starttime="20220610 15:11:40.011" endtime="20220610 15:11:40.011"/>
</kw>
<status status="PASS" starttime="20220610 15:11:39.985" endtime="20220610 15:11:40.011"/>
</kw>
<kw name="End Session" library="actions" type="TEARDOWN">
<kw name="Capture Page Screenshot" library="SeleniumLibrary">
<doc>Takes a screenshot of the current page and embeds it into a log file.</doc>
<msg timestamp="20220610 15:11:40.395" level="INFO" html="true">&lt;/td&gt;&lt;/tr&gt;&lt;tr&gt;&lt;td colspan="3"&gt;&lt;a href="selenium-screenshot-1.png"&gt;&lt;img src="selenium-screenshot-1.png" width="800px"&gt;&lt;/a&gt;</msg>
<status status="PASS" starttime="20220610 15:11:40.013" endtime="20220610 15:11:40.395"/>
</kw>
<kw name="Close Browser" library="SeleniumLibrary">
<doc>Closes the current browser.</doc>
<status status="PASS" starttime="20220610 15:11:40.395" endtime="20220610 15:11:42.957"/>
</kw>
<status status="PASS" starttime="20220610 15:11:40.012" endtime="20220610 15:11:42.957"/>
</kw>
<status status="PASS" starttime="20220610 15:11:20.430" endtime="20220610 15:11:42.958"/>
</test>
<doc>Test File , Developer: Alan Patriota</doc>
<status status="PASS" starttime="20220610 15:11:20.063" endtime="20220610 15:11:42.964"/>
</suite>
<statistics>
<total>
<stat pass="1" fail="0" skip="0">All Tests</stat>
</total>
<tag>
</tag>
<suite>
<stat pass="1" fail="0" skip="0" id="s1" name="Checkprof">Checkprof</stat>
</suite>
</statistics>
<errors>
</errors>
</robot>
